2025-08-18 01:46:00,722 - INFO - Found 7 XML report files to analyze
2025-08-18 01:46:00,728 - INFO -    - Changed decimal precision from 0 to 2 decimal places
2025-08-18 01:46:00,728 - INFO -    - Changed decimal precision from 0 to 2 decimal places
2025-08-18 01:46:00,729 - INFO -    - Changed decimal precision from 0 to 2 decimal places
2025-08-18 01:46:00,729 - INFO -    - Changed decimal precision from 0 to 2 decimal places
2025-08-18 01:46:00,729 - INFO -    - Changed decimal precision from 0 to 2 decimal places
2025-08-18 01:46:00,729 - INFO -    - Changed decimal precision from 0 to 2 decimal places
2025-08-18 01:46:00,729 - INFO -    - Changed decimal precision from 0 to 2 decimal places
2025-08-18 01:46:00,729 - INFO -    - Changed decimal precision from 0 to 2 decimal places
2025-08-18 01:46:00,729 - INFO -    - Changed decimal precision from 0 to 2 decimal places
2025-08-18 01:46:00,730 - INFO -    - Changed decimal precision from 0 to 2 decimal places
2025-08-18 01:46:00,730 - INFO -    - Changed decimal precision from 0 to 2 decimal places
2025-08-18 01:46:00,730 - INFO -    - Fixed currency encoding: AED\s*
2025-08-18 01:46:00,730 - INFO -    - Fixed currency encoding: \s+AED
2025-08-18 01:46:00,739 - INFO -    - Added monetary widget to line.price_unit
2025-08-18 01:46:00,739 - INFO -    - Added monetary widget to line.price_subtotal
2025-08-18 01:46:00,739 - INFO -    - Changed decimal precision from 0 to 2 decimal places
2025-08-18 01:46:00,739 - INFO -    - Changed decimal precision from 0 to 2 decimal places
2025-08-18 01:46:00,739 - INFO -    - Changed decimal precision from 0 to 2 decimal places
2025-08-18 01:46:00,740 - INFO -    - Changed decimal precision from 0 to 2 decimal places
2025-08-18 01:46:00,740 - INFO -    - Changed decimal precision from 0 to 2 decimal places
2025-08-18 01:46:00,740 - INFO -    - Changed decimal precision from 0 to 2 decimal places
2025-08-18 01:46:00,740 - INFO -    - Changed decimal precision from 0 to 2 decimal places
2025-08-18 01:46:00,740 - INFO -    - Changed decimal precision from 0 to 2 decimal places
2025-08-18 01:46:00,740 - INFO -    - Changed decimal precision from 0 to 2 decimal places
2025-08-18 01:46:00,740 - INFO -    - Changed decimal precision from 0 to 2 decimal places
2025-08-18 01:46:00,740 - INFO -    - Changed decimal precision from 0 to 2 decimal places
2025-08-18 01:46:00,740 - INFO -    - Fixed currency encoding: AED\s*
2025-08-18 01:46:00,740 - INFO -    - Fixed currency encoding: \s+AED
2025-08-18 01:46:00,745 - INFO -    - Changed decimal precision from 0 to 2 decimal places
2025-08-18 01:46:00,745 - INFO -    - Changed decimal precision from 0 to 2 decimal places
2025-08-18 01:46:00,745 - INFO -    - Changed decimal precision from 0 to 2 decimal places
2025-08-18 01:46:00,746 - INFO -    - Changed decimal precision from 0 to 2 decimal places
2025-08-18 01:46:00,746 - INFO -    - Changed decimal precision from 0 to 2 decimal places
2025-08-18 01:46:00,746 - INFO -    - Changed decimal precision from 0 to 2 decimal places
2025-08-18 01:46:00,746 - INFO -    - Changed decimal precision from 0 to 2 decimal places
2025-08-18 01:46:00,746 - INFO -    - Changed decimal precision from 0 to 2 decimal places
2025-08-18 01:46:00,746 - INFO -    - Changed decimal precision from 0 to 2 decimal places
2025-08-18 01:46:00,746 - INFO -    - Changed decimal precision from 0 to 2 decimal places
2025-08-18 01:46:00,746 - INFO -    - Changed decimal precision from 0 to 2 decimal places
2025-08-18 01:46:00,746 - INFO -    - Changed decimal precision from 0 to 2 decimal places
2025-08-18 01:46:00,746 - INFO -    - Changed decimal precision from 0 to 2 decimal places
2025-08-18 01:46:00,746 - INFO -    - Changed decimal precision from 0 to 2 decimal places
2025-08-18 01:46:00,746 - INFO -    - Changed decimal precision from 0 to 2 decimal places
2025-08-18 01:46:00,755 - INFO - 
============================================================
2025-08-18 01:46:00,756 - INFO - ============================================================
2025-08-18 01:46:00,757 - INFO -    - commission_report_enhanced.xml
2025-08-18 01:46:00,757 - INFO -    - enhanced_order_status_report_template.xml
2025-08-18 01:46:00,758 - INFO -    - enhanced_order_status_report_template_updated.xml
2025-08-18 01:46:00,758 - INFO -    - Monetary fields: 2 decimal places with proper currency widget
2025-08-18 01:46:00,758 - INFO -    - Percentage fields: 1 decimal place
2025-08-18 01:46:00,758 - INFO -    - Currency display: Proper AED spacing and encoding
2025-08-18 01:46:00,759 - INFO -    - Field formatting: Consistent monetary widget usage
2025-08-18 01:46:00,759 - INFO - ============================================================
2025-08-18 01:46:00,761 - INFO - All monetary fields now display with 2 decimal places
2025-08-18 01:46:00,761 - INFO - Currency formatting standardized with proper spacing
2025-08-18 01:46:00,761 - INFO - Extra character rendering issues resolved
