2025-08-30T07:41:50+04:00 [INFO] (codacy-cli-v2/cli-v2.go:27) Starting Codacy CLI version=1.0.0-main.354.sha.642d8bf (642d8bf) built at 2025-08-20T09:30:46Z
2025-08-30T07:41:50+04:00 [INFO] (codacy-cli-v2/cmd/root.go:34) Executing CLI command command=init full_command=[/home/modprobe/.cache/codacy/codacy-cli-v2/1.0.0-main.354.sha.642d8bf/codacy-cli-v2 init] args=[]
2025-08-30T07:42:13+04:00 [INFO] (codacy-cli-v2/cli-v2.go:27) Starting Codacy CLI version=1.0.0-main.354.sha.642d8bf (642d8bf) built at 2025-08-20T09:30:46Z
2025-08-30T07:42:13+04:00 [INFO] (codacy-cli-v2/cmd/root.go:34) Executing CLI command command=install full_command=[/home/modprobe/.cache/codacy/codacy-cli-v2/1.0.0-main.354.sha.642d8bf/codacy-cli-v2 install] args=[]
2025-08-30T07:42:13+04:00 [INFO] (codacy-cli-v2/cmd/install.go:78) Starting installation process
2025-08-30T07:42:13+04:00 [INFO] (codacy-cli-v2/cmd/install.go:107) Runtime scheduled for installation version=1.22.3 runtime=go
2025-08-30T07:42:13+04:00 [INFO] (codacy-cli-v2/cmd/install.go:107) Runtime scheduled for installation runtime=java version=17.0.10
2025-08-30T07:42:13+04:00 [INFO] (codacy-cli-v2/cmd/install.go:107) Runtime scheduled for installation version=22.2.0 runtime=node
2025-08-30T07:42:13+04:00 [INFO] (codacy-cli-v2/cmd/install.go:107) Runtime scheduled for installation runtime=python version=3.11.11
2025-08-30T07:42:13+04:00 [INFO] (codacy-cli-v2/cmd/install.go:107) Runtime scheduled for installation runtime=dart version=3.7.2
2025-08-30T07:42:13+04:00 [INFO] (codacy-cli-v2/cmd/install.go:116) Tool scheduled for installation version=1.78.0 tool=semgrep
2025-08-30T07:42:13+04:00 [INFO] (codacy-cli-v2/cmd/install.go:116) Tool scheduled for installation tool=trivy version=0.65.0
2025-08-30T07:42:13+04:00 [INFO] (codacy-cli-v2/cmd/install.go:116) Tool scheduled for installation tool=dartanalyzer version=3.7.2
2025-08-30T07:42:13+04:00 [INFO] (codacy-cli-v2/cmd/install.go:116) Tool scheduled for installation tool=lizard version=1.17.31
2025-08-30T07:42:13+04:00 [INFO] (codacy-cli-v2/cmd/install.go:116) Tool scheduled for installation tool=eslint version=8.57.0
2025-08-30T07:42:13+04:00 [INFO] (codacy-cli-v2/cmd/install.go:116) Tool scheduled for installation version=7.11.0 tool=pmd
2025-08-30T07:42:13+04:00 [INFO] (codacy-cli-v2/cmd/install.go:116) Tool scheduled for installation version=3.3.6 tool=pylint
2025-08-30T07:42:13+04:00 [INFO] (codacy-cli-v2/cmd/install.go:116) Tool scheduled for installation version=1.7.0 tool=revive
2025-08-30T07:42:13+04:00 [INFO] (codacy-cli-v2/cmd/install.go:157) Installing runtime runtime=dart version=3.7.2
2025-08-30T07:42:13+04:00 [DEBUG] (codacy-cli-v2/config/runtimes-installer.go:94) Downloading runtime runtime=dart version=3.7.2 downloadURL=https://storage.googleapis.com/dart-archive/channels/stable/release/3.7.2/sdk/dartsdk-linux-x64-release.zip downloadPath=/home/modprobe/.cache/codacy/runtimes/dartsdk-linux-x64-release.zip
2025-08-30T07:42:13+04:00 [DEBUG] (codacy-cli-v2/utils/download.go:15) Attempting to download from URL url=https://storage.googleapis.com/dart-archive/channels/stable/release/3.7.2/sdk/dartsdk-linux-x64-release.zip
2025-08-30T07:42:13+04:00 [DEBUG] (codacy-cli-v2/utils/download.go:21) Target filename determined fileName=dartsdk-linux-x64-release.zip
2025-08-30T07:42:13+04:00 [DEBUG] (codacy-cli-v2/utils/download.go:27) Destination path set destPath=/home/modprobe/.cache/codacy/runtimes/dartsdk-linux-x64-release.zip
2025-08-30T07:42:13+04:00 [DEBUG] (codacy-cli-v2/utils/download.go:47) Making HTTP GET request url=https://storage.googleapis.com/dart-archive/channels/stable/release/3.7.2/sdk/dartsdk-linux-x64-release.zip
2025-08-30T07:42:14+04:00 [DEBUG] (codacy-cli-v2/utils/download.go:69) Downloading file content
2025-08-30T07:42:27+04:00 [DEBUG] (codacy-cli-v2/utils/download.go:74) Downloaded file successfully bytes=216708830
2025-08-30T07:42:27+04:00 [DEBUG] (codacy-cli-v2/config/runtimes-installer.go:122) Extracting runtime runtime=dart version=3.7.2 fileName=dartsdk-linux-x64-release.zip extractDirectory=/home/modprobe/.cache/codacy/runtimes
2025-08-30T07:42:28+04:00 [DEBUG] (codacy-cli-v2/config/runtimes-installer.go:151) Runtime extraction completed runtime=dart version=3.7.2
2025-08-30T07:42:28+04:00 [INFO] (codacy-cli-v2/cmd/install.go:173) Successfully installed runtime runtime=dart version=3.7.2
2025-08-30T07:42:28+04:00 [INFO] (codacy-cli-v2/cmd/install.go:157) Installing runtime runtime=go version=1.22.3
2025-08-30T07:42:28+04:00 [DEBUG] (codacy-cli-v2/config/runtimes-installer.go:94) Downloading runtime downloadURL=https://go.dev/dl/go1.22.3.linux-amd64.tar.gz downloadPath=/home/modprobe/.cache/codacy/runtimes/go1.22.3.linux-amd64.tar.gz runtime=go version=1.22.3
2025-08-30T07:42:28+04:00 [DEBUG] (codacy-cli-v2/utils/download.go:15) Attempting to download from URL url=https://go.dev/dl/go1.22.3.linux-amd64.tar.gz
2025-08-30T07:42:28+04:00 [DEBUG] (codacy-cli-v2/utils/download.go:21) Target filename determined fileName=go1.22.3.linux-amd64.tar.gz
2025-08-30T07:42:28+04:00 [DEBUG] (codacy-cli-v2/utils/download.go:27) Destination path set destPath=/home/modprobe/.cache/codacy/runtimes/go1.22.3.linux-amd64.tar.gz
2025-08-30T07:42:28+04:00 [DEBUG] (codacy-cli-v2/utils/download.go:47) Making HTTP GET request url=https://go.dev/dl/go1.22.3.linux-amd64.tar.gz
2025-08-30T07:42:29+04:00 [DEBUG] (codacy-cli-v2/utils/download.go:69) Downloading file content
2025-08-30T07:42:33+04:00 [DEBUG] (codacy-cli-v2/utils/download.go:74) Downloaded file successfully bytes=68958945
2025-08-30T07:42:33+04:00 [DEBUG] (codacy-cli-v2/config/runtimes-installer.go:122) Extracting runtime runtime=go version=1.22.3 fileName=go1.22.3.linux-amd64.tar.gz extractDirectory=/home/modprobe/.cache/codacy/runtimes
2025-08-30T07:42:35+04:00 [DEBUG] (codacy-cli-v2/config/runtimes-installer.go:151) Runtime extraction completed version=1.22.3 runtime=go
2025-08-30T07:42:35+04:00 [INFO] (codacy-cli-v2/cmd/install.go:173) Successfully installed runtime runtime=go version=1.22.3
2025-08-30T07:42:35+04:00 [INFO] (codacy-cli-v2/cmd/install.go:157) Installing runtime version=17.0.10 runtime=java
2025-08-30T07:42:35+04:00 [DEBUG] (codacy-cli-v2/config/runtimes-installer.go:94) Downloading runtime runtime=java version=17.0.10 downloadURL=https://github.com/adoptium/temurin17-binaries/releases/download/jdk-17.0.10%2B7/OpenJDK17U-jdk_x64_linux_hotspot_17.0.10_7.tar.gz downloadPath=/home/modprobe/.cache/codacy/runtimes/OpenJDK17U-jdk_x64_linux_hotspot_17.0.10_7.tar.gz
2025-08-30T07:42:35+04:00 [DEBUG] (codacy-cli-v2/utils/download.go:15) Attempting to download from URL url=https://github.com/adoptium/temurin17-binaries/releases/download/jdk-17.0.10%2B7/OpenJDK17U-jdk_x64_linux_hotspot_17.0.10_7.tar.gz
2025-08-30T07:42:35+04:00 [DEBUG] (codacy-cli-v2/utils/download.go:21) Target filename determined fileName=OpenJDK17U-jdk_x64_linux_hotspot_17.0.10_7.tar.gz
2025-08-30T07:42:35+04:00 [DEBUG] (codacy-cli-v2/utils/download.go:27) Destination path set destPath=/home/modprobe/.cache/codacy/runtimes/OpenJDK17U-jdk_x64_linux_hotspot_17.0.10_7.tar.gz
2025-08-30T07:42:35+04:00 [DEBUG] (codacy-cli-v2/utils/download.go:47) Making HTTP GET request url=https://github.com/adoptium/temurin17-binaries/releases/download/jdk-17.0.10%2B7/OpenJDK17U-jdk_x64_linux_hotspot_17.0.10_7.tar.gz
2025-08-30T07:42:36+04:00 [DEBUG] (codacy-cli-v2/utils/download.go:69) Downloading file content
2025-08-30T07:42:45+04:00 [DEBUG] (codacy-cli-v2/utils/download.go:74) Downloaded file successfully bytes=192205930
2025-08-30T07:42:45+04:00 [DEBUG] (codacy-cli-v2/config/runtimes-installer.go:122) Extracting runtime extractDirectory=/home/modprobe/.cache/codacy/runtimes runtime=java version=17.0.10 fileName=OpenJDK17U-jdk_x64_linux_hotspot_17.0.10_7.tar.gz
2025-08-30T07:42:47+04:00 [DEBUG] (codacy-cli-v2/config/runtimes-installer.go:151) Runtime extraction completed runtime=java version=17.0.10
2025-08-30T07:42:47+04:00 [INFO] (codacy-cli-v2/cmd/install.go:173) Successfully installed runtime runtime=java version=17.0.10
2025-08-30T07:42:47+04:00 [INFO] (codacy-cli-v2/cmd/install.go:157) Installing runtime runtime=node version=22.2.0
2025-08-30T07:42:47+04:00 [DEBUG] (codacy-cli-v2/config/runtimes-installer.go:94) Downloading runtime runtime=node version=22.2.0 downloadURL=https://nodejs.org/dist/v22.2.0/node-v22.2.0-linux-x64.tar.gz downloadPath=/home/modprobe/.cache/codacy/runtimes/node-v22.2.0-linux-x64.tar.gz
2025-08-30T07:42:47+04:00 [DEBUG] (codacy-cli-v2/utils/download.go:15) Attempting to download from URL url=https://nodejs.org/dist/v22.2.0/node-v22.2.0-linux-x64.tar.gz
2025-08-30T07:42:47+04:00 [DEBUG] (codacy-cli-v2/utils/download.go:21) Target filename determined fileName=node-v22.2.0-linux-x64.tar.gz
2025-08-30T07:42:47+04:00 [DEBUG] (codacy-cli-v2/utils/download.go:27) Destination path set destPath=/home/modprobe/.cache/codacy/runtimes/node-v22.2.0-linux-x64.tar.gz
2025-08-30T07:42:47+04:00 [DEBUG] (codacy-cli-v2/utils/download.go:47) Making HTTP GET request url=https://nodejs.org/dist/v22.2.0/node-v22.2.0-linux-x64.tar.gz
2025-08-30T07:42:48+04:00 [DEBUG] (codacy-cli-v2/utils/download.go:69) Downloading file content
2025-08-30T07:42:50+04:00 [DEBUG] (codacy-cli-v2/utils/download.go:74) Downloaded file successfully bytes=50687648
2025-08-30T07:42:50+04:00 [DEBUG] (codacy-cli-v2/config/runtimes-installer.go:122) Extracting runtime extractDirectory=/home/modprobe/.cache/codacy/runtimes runtime=node version=22.2.0 fileName=node-v22.2.0-linux-x64.tar.gz
2025-08-30T07:42:52+04:00 [DEBUG] (codacy-cli-v2/config/runtimes-installer.go:151) Runtime extraction completed version=22.2.0 runtime=node
2025-08-30T07:42:52+04:00 [INFO] (codacy-cli-v2/cmd/install.go:173) Successfully installed runtime runtime=node version=22.2.0
2025-08-30T07:42:52+04:00 [INFO] (codacy-cli-v2/cmd/install.go:157) Installing runtime runtime=python version=3.11.11
2025-08-30T07:42:52+04:00 [DEBUG] (codacy-cli-v2/config/runtimes-installer.go:94) Downloading runtime runtime=python version=3.11.11 downloadURL=https://github.com/astral-sh/python-build-standalone/releases/download/20250317/cpython-3.11.11+20250317-x86_64-unknown-linux-gnu-install_only.tar.gz downloadPath=/home/modprobe/.cache/codacy/runtimes/cpython-3.11.11+20250317-x86_64-unknown-linux-gnu-install_only.tar.gz
2025-08-30T07:42:52+04:00 [DEBUG] (codacy-cli-v2/utils/download.go:15) Attempting to download from URL url=https://github.com/astral-sh/python-build-standalone/releases/download/20250317/cpython-3.11.11+20250317-x86_64-unknown-linux-gnu-install_only.tar.gz
2025-08-30T07:42:52+04:00 [DEBUG] (codacy-cli-v2/utils/download.go:21) Target filename determined fileName=cpython-3.11.11+20250317-x86_64-unknown-linux-gnu-install_only.tar.gz
2025-08-30T07:42:52+04:00 [DEBUG] (codacy-cli-v2/utils/download.go:27) Destination path set destPath=/home/modprobe/.cache/codacy/runtimes/cpython-3.11.11+20250317-x86_64-unknown-linux-gnu-install_only.tar.gz
2025-08-30T07:42:52+04:00 [DEBUG] (codacy-cli-v2/utils/download.go:47) Making HTTP GET request url=https://github.com/astral-sh/python-build-standalone/releases/download/20250317/cpython-3.11.11+20250317-x86_64-unknown-linux-gnu-install_only.tar.gz
2025-08-30T07:42:53+04:00 [DEBUG] (codacy-cli-v2/utils/download.go:69) Downloading file content
2025-08-30T07:42:56+04:00 [DEBUG] (codacy-cli-v2/utils/download.go:74) Downloaded file successfully bytes=30030843
2025-08-30T07:42:56+04:00 [DEBUG] (codacy-cli-v2/config/runtimes-installer.go:122) Extracting runtime fileName=cpython-3.11.11+20250317-x86_64-unknown-linux-gnu-install_only.tar.gz extractDirectory=/home/modprobe/.cache/codacy/runtimes runtime=python version=3.11.11
2025-08-30T07:42:57+04:00 [DEBUG] (codacy-cli-v2/config/runtimes-installer.go:151) Runtime extraction completed runtime=python version=3.11.11
2025-08-30T07:42:57+04:00 [INFO] (codacy-cli-v2/cmd/install.go:173) Successfully installed runtime version=3.11.11 runtime=python
2025-08-30T07:42:57+04:00 [INFO] (codacy-cli-v2/cmd/install.go:185) Installing tool tool=pmd version=7.11.0
2025-08-30T07:42:57+04:00 [DEBUG] (codacy-cli-v2/config/tools-installer.go:114) Installing download-based tool tool=pmd version=7.11.0 downloadURL=https://github.com/pmd/pmd/releases/download/pmd_releases%2F7.11.0/pmd-dist-7.11.0-bin.zip
2025-08-30T07:42:57+04:00 [DEBUG] (codacy-cli-v2/config/tools-installer.go:267) Downloading tool tool=pmd version=7.11.0 downloadURL=https://github.com/pmd/pmd/releases/download/pmd_releases%2F7.11.0/pmd-dist-7.11.0-bin.zip downloadPath=/home/modprobe/.cache/codacy/tools/pmd-dist-7.11.0-bin.zip
2025-08-30T07:42:57+04:00 [DEBUG] (codacy-cli-v2/utils/download.go:15) Attempting to download from URL url=https://github.com/pmd/pmd/releases/download/pmd_releases%2F7.11.0/pmd-dist-7.11.0-bin.zip
2025-08-30T07:42:57+04:00 [DEBUG] (codacy-cli-v2/utils/download.go:21) Target filename determined fileName=pmd-dist-7.11.0-bin.zip
2025-08-30T07:42:57+04:00 [DEBUG] (codacy-cli-v2/utils/download.go:27) Destination path set destPath=/home/modprobe/.cache/codacy/tools/pmd-dist-7.11.0-bin.zip
2025-08-30T07:42:57+04:00 [DEBUG] (codacy-cli-v2/utils/download.go:47) Making HTTP GET request url=https://github.com/pmd/pmd/releases/download/pmd_releases%2F7.11.0/pmd-dist-7.11.0-bin.zip
2025-08-30T07:42:55+04:00 [DEBUG] (codacy-cli-v2/utils/download.go:69) Downloading file content
2025-08-30T07:43:01+04:00 [DEBUG] (codacy-cli-v2/utils/download.go:74) Downloaded file successfully bytes=70848348
2025-08-30T07:43:01+04:00 [DEBUG] (codacy-cli-v2/config/tools-installer.go:301) Extracting tool tool=pmd version=7.11.0 fileName=pmd-dist-7.11.0-bin.zip extractDirectory=/home/modprobe/.cache/codacy/tools/pmd@7.11.0
2025-08-30T07:43:01+04:00 [DEBUG] (codacy-cli-v2/config/tools-installer.go:326) Tool extraction completed tool=pmd version=7.11.0
2025-08-30T07:43:01+04:00 [INFO] (codacy-cli-v2/cmd/install.go:201) Successfully installed tool version=7.11.0 tool=pmd
2025-08-30T07:43:01+04:00 [INFO] (codacy-cli-v2/cmd/install.go:185) Installing tool tool=pylint version=3.3.6
2025-08-30T07:43:01+04:00 [DEBUG] (codacy-cli-v2/config/tools-installer.go:125) Installing Python tool tool=pylint version=3.3.6
2025-08-30T07:43:01+04:00 [DEBUG] (codacy-cli-v2/config/tools-installer.go:334) Starting Python tool installation tool=pylint version=3.3.6
2025-08-30T07:43:01+04:00 [DEBUG] (codacy-cli-v2/config/tools-installer.go:361) Creating Python virtual environment tool=pylint version=3.3.6 venvDir=/home/modprobe/.cache/codacy/tools/pylint@3.3.6/venv
2025-08-30T07:43:07+04:00 [DEBUG] (codacy-cli-v2/config/tools-installer.go:375) Installing Python package tool=pylint version=3.3.6 pipPath=/home/modprobe/.cache/codacy/tools/pylint@3.3.6/venv/bin/pip
2025-08-30T07:43:11+04:00 [DEBUG] (codacy-cli-v2/config/tools-installer.go:387) Python tool installation completed tool=pylint version=3.3.6
2025-08-30T07:43:11+04:00 [INFO] (codacy-cli-v2/cmd/install.go:201) Successfully installed tool tool=pylint version=3.3.6
2025-08-30T07:43:11+04:00 [INFO] (codacy-cli-v2/cmd/install.go:185) Installing tool tool=revive version=1.7.0
2025-08-30T07:43:11+04:00 [DEBUG] (codacy-cli-v2/config/tools-installer.go:134) Installing runtime-based tool tool=revive version=1.7.0 runtime=go
2025-08-30T07:43:11+04:00 [DEBUG] (codacy-cli-v2/config/tools-installer.go:203) Installing tool version=1.7.0 packageManager=go packageManagerBin=/home/modprobe/.cache/codacy/runtimes/go/bin/go command=install github.com/mgechev/revive@v1.7.0 tool=revive
2025-08-30T07:43:11+04:00 [DEBUG] (codacy-cli-v2/config/tools-installer.go:242) Running command command=/home/modprobe/.cache/codacy/runtimes/go/bin/go install github.com/mgechev/revive@v1.7.0
2025-08-30T07:43:25+04:00 [DEBUG] (codacy-cli-v2/config/tools-installer.go:250) Tool installation completed version=1.7.0 tool=revive
2025-08-30T07:43:25+04:00 [INFO] (codacy-cli-v2/cmd/install.go:201) Successfully installed tool tool=revive version=1.7.0
2025-08-30T07:43:25+04:00 [INFO] (codacy-cli-v2/cmd/install.go:185) Installing tool tool=semgrep version=1.78.0
2025-08-30T07:43:25+04:00 [DEBUG] (codacy-cli-v2/config/tools-installer.go:125) Installing Python tool tool=semgrep version=1.78.0
2025-08-30T07:43:25+04:00 [DEBUG] (codacy-cli-v2/config/tools-installer.go:334) Starting Python tool installation tool=semgrep version=1.78.0
2025-08-30T07:43:25+04:00 [DEBUG] (codacy-cli-v2/config/tools-installer.go:361) Creating Python virtual environment tool=semgrep version=1.78.0 venvDir=/home/modprobe/.cache/codacy/tools/semgrep@1.78.0/venv
2025-08-30T07:43:27+04:00 [DEBUG] (codacy-cli-v2/config/tools-installer.go:375) Installing Python package version=1.78.0 pipPath=/home/modprobe/.cache/codacy/tools/semgrep@1.78.0/venv/bin/pip tool=semgrep
2025-08-30T07:43:46+04:00 [DEBUG] (codacy-cli-v2/config/tools-installer.go:387) Python tool installation completed tool=semgrep version=1.78.0
2025-08-30T07:43:46+04:00 [INFO] (codacy-cli-v2/cmd/install.go:201) Successfully installed tool tool=semgrep version=1.78.0
2025-08-30T07:43:46+04:00 [INFO] (codacy-cli-v2/cmd/install.go:185) Installing tool tool=trivy version=0.65.0
2025-08-30T07:43:46+04:00 [DEBUG] (codacy-cli-v2/config/tools-installer.go:114) Installing download-based tool version=0.65.0 downloadURL=https://github.com/aquasecurity/trivy/releases/download/v0.65.0/trivy_0.65.0_Linux-64bit.tar.gz tool=trivy
2025-08-30T07:43:46+04:00 [DEBUG] (codacy-cli-v2/config/tools-installer.go:267) Downloading tool downloadURL=https://github.com/aquasecurity/trivy/releases/download/v0.65.0/trivy_0.65.0_Linux-64bit.tar.gz downloadPath=/home/modprobe/.cache/codacy/tools/trivy_0.65.0_Linux-64bit.tar.gz tool=trivy version=0.65.0
2025-08-30T07:43:46+04:00 [DEBUG] (codacy-cli-v2/utils/download.go:15) Attempting to download from URL url=https://github.com/aquasecurity/trivy/releases/download/v0.65.0/trivy_0.65.0_Linux-64bit.tar.gz
2025-08-30T07:43:46+04:00 [DEBUG] (codacy-cli-v2/utils/download.go:21) Target filename determined fileName=trivy_0.65.0_Linux-64bit.tar.gz
2025-08-30T07:43:46+04:00 [DEBUG] (codacy-cli-v2/utils/download.go:27) Destination path set destPath=/home/modprobe/.cache/codacy/tools/trivy_0.65.0_Linux-64bit.tar.gz
2025-08-30T07:43:46+04:00 [DEBUG] (codacy-cli-v2/utils/download.go:47) Making HTTP GET request url=https://github.com/aquasecurity/trivy/releases/download/v0.65.0/trivy_0.65.0_Linux-64bit.tar.gz
2025-08-30T07:43:47+04:00 [DEBUG] (codacy-cli-v2/utils/download.go:69) Downloading file content
2025-08-30T07:43:48+04:00 [DEBUG] (codacy-cli-v2/utils/download.go:74) Downloaded file successfully bytes=45905890
2025-08-30T07:43:48+04:00 [DEBUG] (codacy-cli-v2/config/tools-installer.go:301) Extracting tool extractDirectory=/home/modprobe/.cache/codacy/tools/trivy@0.65.0 tool=trivy version=0.65.0 fileName=trivy_0.65.0_Linux-64bit.tar.gz
2025-08-30T07:43:49+04:00 [DEBUG] (codacy-cli-v2/config/tools-installer.go:326) Tool extraction completed version=0.65.0 tool=trivy
2025-08-30T07:43:49+04:00 [INFO] (codacy-cli-v2/cmd/install.go:201) Successfully installed tool tool=trivy version=0.65.0
2025-08-30T07:43:49+04:00 [INFO] (codacy-cli-v2/cmd/install.go:185) Installing tool version=1.17.31 tool=lizard
2025-08-30T07:43:49+04:00 [DEBUG] (codacy-cli-v2/config/tools-installer.go:125) Installing Python tool tool=lizard version=1.17.31
2025-08-30T07:43:49+04:00 [DEBUG] (codacy-cli-v2/config/tools-installer.go:334) Starting Python tool installation tool=lizard version=1.17.31
2025-08-30T07:43:49+04:00 [DEBUG] (codacy-cli-v2/config/tools-installer.go:361) Creating Python virtual environment tool=lizard version=1.17.31 venvDir=/home/modprobe/.cache/codacy/tools/lizard@1.17.31/venv
2025-08-30T07:43:51+04:00 [DEBUG] (codacy-cli-v2/config/tools-installer.go:375) Installing Python package tool=lizard version=1.17.31 pipPath=/home/modprobe/.cache/codacy/tools/lizard@1.17.31/venv/bin/pip
2025-08-30T07:43:50+04:00 [DEBUG] (codacy-cli-v2/config/tools-installer.go:387) Python tool installation completed tool=lizard version=1.17.31
2025-08-30T07:43:50+04:00 [INFO] (codacy-cli-v2/cmd/install.go:201) Successfully installed tool tool=lizard version=1.17.31
2025-08-30T07:43:50+04:00 [INFO] (codacy-cli-v2/cmd/install.go:185) Installing tool tool=eslint version=8.57.0
2025-08-30T07:43:50+04:00 [DEBUG] (codacy-cli-v2/config/tools-installer.go:134) Installing runtime-based tool version=8.57.0 runtime=node tool=eslint
2025-08-30T07:43:50+04:00 [DEBUG] (codacy-cli-v2/config/tools-installer.go:203) Installing tool tool=eslint version=8.57.0 packageManager=npm packageManagerBin=/home/modprobe/.cache/codacy/runtimes/node-v22.2.0-linux-x64/bin/npm command=install --prefix /home/modprobe/.cache/codacy/tools/eslint@8.57.0 eslint@8.57.0 @microsoft/eslint-formatter-sarif
2025-08-30T07:43:50+04:00 [DEBUG] (codacy-cli-v2/config/tools-installer.go:233) Setting PATH environment for ESLint installation nodeDir=/home/modprobe/.cache/codacy/runtimes/node-v22.2.0-linux-x64/bin currentPath=/usr/local/sbin:/usr/local/bin:/usr/sbin:/usr/bin:/sbin:/bin:/usr/games:/usr/local/games:/usr/lib/wsl/lib:/mnt/c/Program Files/Python313/Scripts/:/mnt/c/Program Files/Python313/:/mnt/c/Windows/System32/HWAudioDriver:/mnt/c/Windows/system32:/mnt/c/Windows:/mnt/c/Windows/System32/Wbem:/mnt/c/Windows/System32/WindowsPowerShell/v1.0/:/mnt/c/Windows/System32/OpenSSH/:/mnt/c/Users/Administrator/AppData/Local/Microsoft/WindowsApps:/mnt/c/WINDOWS/system32:/mnt/c/WINDOWS:/mnt/c/WINDOWS/System32/Wbem:/mnt/c/WINDOWS/System32/WindowsPowerShell/v1.0/:/mnt/c/WINDOWS/System32/OpenSSH/:/mnt/c/WINDOWS/system32/config/systemprofile/AppData/Local/Microsoft/WindowsApps:/mnt/c/windows/system32/HWAudioDriver/:/mnt/c/WINDOWS/system32:/mnt/c/WINDOWS:/mnt/c/WINDOWS/System32/Wbem:/mnt/c/WINDOWS/System32/WindowsPowerShell/v1.0/:/mnt/c/WINDOWS/System32/OpenSSH/:/mnt/c/Program Files/nodejs/:/mnt/c/ProgramData/chocolatey/bin:/Docker/host/bin:/mnt/c/Users/branm/.cargo/bin:/mnt/c/Users/branm/AppData/Roaming/npm:/mnt/c/Users/branm/.cache/lm-studio/bin:/mnt/c/Users/branm/AppData/Roaming/Python/Python313/Scripts:/mnt/c/Users/branm/AppData/Local/Programs/Microsoft VS Code/bin:/mnt/c/Users/branm/Downloads/java-:/mnt/c/Program Files/Git/cmd:/mnt/c/Users/branm/.cargo/bin:/mnt/c/Program Files/Python313/Scripts/:/mnt/c/Program Files/Python313/:/mnt/c/Windows/System32/HWAudioDriver:/mnt/c/Windows/system32:/mnt/c/Windows:/mnt/c/Windows/System32/Wbem:/mnt/c/Windows/System32/WindowsPowerShell/v1.0/:/mnt/c/Windows/System32/OpenSSH/:/mnt/c/Users/Administrator/AppData/Local/Microsoft/WindowsApps:/mnt/c/WINDOWS/system32:/mnt/c/WINDOWS:/mnt/c/WINDOWS/System32/Wbem:/mnt/c/WINDOWS/System32/WindowsPowerShell/v1.0/:/mnt/c/WINDOWS/System32/OpenSSH/:/mnt/c/WINDOWS/system32/config/systemprofile/AppData/Local/Microsoft/WindowsApps:/mnt/c/windows/system32/HWAudioDriver/:/mnt/c/Program Files/Git/cmd:/mnt/c/WINDOWS/system32:/mnt/c/WINDOWS:/mnt/c/WINDOWS/System32/Wbem:/mnt/c/WINDOWS/System32/WindowsPowerShell/v1.0/:/mnt/c/WINDOWS/System32/OpenSSH/:/mnt/c/Program Files/nodejs/:/mnt/c/ProgramData/chocolatey/bin:/mnt/c/Users/branm/AppData/Roaming/npm:/mnt/c/Users/branm/.cache/lm-studio/bin:/mnt/c/Users/branm/AppData/Roaming/Python/Python313/Scripts:/mnt/c/Users/branm/AppData/Local/Programs/Microsoft VS Code/bin newPath=/home/modprobe/.cache/codacy/runtimes/node-v22.2.0-linux-x64/bin:/usr/local/sbin:/usr/local/bin:/usr/sbin:/usr/bin:/sbin:/bin:/usr/games:/usr/local/games:/usr/lib/wsl/lib:/mnt/c/Program Files/Python313/Scripts/:/mnt/c/Program Files/Python313/:/mnt/c/Windows/System32/HWAudioDriver:/mnt/c/Windows/system32:/mnt/c/Windows:/mnt/c/Windows/System32/Wbem:/mnt/c/Windows/System32/WindowsPowerShell/v1.0/:/mnt/c/Windows/System32/OpenSSH/:/mnt/c/Users/Administrator/AppData/Local/Microsoft/WindowsApps:/mnt/c/WINDOWS/system32:/mnt/c/WINDOWS:/mnt/c/WINDOWS/System32/Wbem:/mnt/c/WINDOWS/System32/WindowsPowerShell/v1.0/:/mnt/c/WINDOWS/System32/OpenSSH/:/mnt/c/WINDOWS/system32/config/systemprofile/AppData/Local/Microsoft/WindowsApps:/mnt/c/windows/system32/HWAudioDriver/:/mnt/c/WINDOWS/system32:/mnt/c/WINDOWS:/mnt/c/WINDOWS/System32/Wbem:/mnt/c/WINDOWS/System32/WindowsPowerShell/v1.0/:/mnt/c/WINDOWS/System32/OpenSSH/:/mnt/c/Program Files/nodejs/:/mnt/c/ProgramData/chocolatey/bin:/Docker/host/bin:/mnt/c/Users/branm/.cargo/bin:/mnt/c/Users/branm/AppData/Roaming/npm:/mnt/c/Users/branm/.cache/lm-studio/bin:/mnt/c/Users/branm/AppData/Roaming/Python/Python313/Scripts:/mnt/c/Users/branm/AppData/Local/Programs/Microsoft VS Code/bin:/mnt/c/Users/branm/Downloads/java-:/mnt/c/Program Files/Git/cmd:/mnt/c/Users/branm/.cargo/bin:/mnt/c/Program Files/Python313/Scripts/:/mnt/c/Program Files/Python313/:/mnt/c/Windows/System32/HWAudioDriver:/mnt/c/Windows/system32:/mnt/c/Windows:/mnt/c/Windows/System32/Wbem:/mnt/c/Windows/System32/WindowsPowerShell/v1.0/:/mnt/c/Windows/System32/OpenSSH/:/mnt/c/Users/Administrator/AppData/Local/Microsoft/WindowsApps:/mnt/c/WINDOWS/system32:/mnt/c/WINDOWS:/mnt/c/WINDOWS/System32/Wbem:/mnt/c/WINDOWS/System32/WindowsPowerShell/v1.0/:/mnt/c/WINDOWS/System32/OpenSSH/:/mnt/c/WINDOWS/system32/config/systemprofile/AppData/Local/Microsoft/WindowsApps:/mnt/c/windows/system32/HWAudioDriver/:/mnt/c/Program Files/Git/cmd:/mnt/c/WINDOWS/system32:/mnt/c/WINDOWS:/mnt/c/WINDOWS/System32/Wbem:/mnt/c/WINDOWS/System32/WindowsPowerShell/v1.0/:/mnt/c/WINDOWS/System32/OpenSSH/:/mnt/c/Program Files/nodejs/:/mnt/c/ProgramData/chocolatey/bin:/mnt/c/Users/branm/AppData/Roaming/npm:/mnt/c/Users/branm/.cache/lm-studio/bin:/mnt/c/Users/branm/AppData/Roaming/Python/Python313/Scripts:/mnt/c/Users/branm/AppData/Local/Programs/Microsoft VS Code/bin
2025-08-30T07:43:50+04:00 [DEBUG] (codacy-cli-v2/config/tools-installer.go:242) Running command command=/home/modprobe/.cache/codacy/runtimes/node-v22.2.0-linux-x64/bin/npm install --prefix /home/modprobe/.cache/codacy/tools/eslint@8.57.0 eslint@8.57.0 @microsoft/eslint-formatter-sarif
2025-08-30T07:43:57+04:00 [DEBUG] (codacy-cli-v2/config/tools-installer.go:250) Tool installation completed tool=eslint version=8.57.0
2025-08-30T07:43:57+04:00 [INFO] (codacy-cli-v2/cmd/install.go:201) Successfully installed tool tool=eslint version=8.57.0
2025-08-30T07:43:57+04:00 [INFO] (codacy-cli-v2/cmd/install.go:240) Installation completed successfully
